Release 13.4 - xst O.87xd (nt64)
Copyright (c) 1995-2011 Xilinx, Inc.  All rights reserved.
--> Parameter TMPDIR set to xst/projnav.tmp


Total REAL time to Xst completion: 0.00 secs
Total CPU time to Xst completion: 0.24 secs
 
--> Parameter xsthdpdir set to xst


Total REAL time to Xst completion: 0.00 secs
Total CPU time to Xst completion: 0.24 secs
 
--> Reading design: one_bit_cntr.prj

TABLE OF CONTENTS
  1) Synthesis Options Summary
  2) HDL Compilation
  3) Design Hierarchy Analysis
  4) HDL Analysis
  5) HDL Synthesis
     5.1) HDL Synthesis Report
  6) Advanced HDL Synthesis
     6.1) Advanced HDL Synthesis Report
  7) Low Level Synthesis
  8) Partition Report
  9) Final Report
	9.1) Device utilization summary
	9.2) Partition Resource Summary
	9.3) TIMING REPORT


=========================================================================
*                      Synthesis Options Summary                        *
=========================================================================
---- Source Parameters
Input File Name                    : "one_bit_cntr.prj"
Input Format                       : mixed
Ignore Synthesis Constraint File   : NO

---- Target Parameters
Output File Name                   : "one_bit_cntr"
Output Format                      : NGC
Target Device                      : xc3s500e-4-fg320

---- Source Options
Top Module Name                    : one_bit_cntr
Automatic FSM Extraction           : YES
FSM Encoding Algorithm             : Auto
Safe Implementation                : No
FSM Style                          : LUT
RAM Extraction                     : Yes
RAM Style                          : Auto
ROM Extraction                     : Yes
Mux Style                          : Auto
Decoder Extraction                 : YES
Priority Encoder Extraction        : Yes
Shift Register Extraction          : YES
Logical Shifter Extraction         : YES
XOR Collapsing                     : YES
ROM Style                          : Auto
Mux Extraction                     : Yes
Resource Sharing                   : YES
Asynchronous To Synchronous        : NO
Multiplier Style                   : Auto
Automatic Register Balancing       : No

---- Target Options
Add IO Buffers                     : YES
Global Maximum Fanout              : 100000
Add Generic Clock Buffer(BUFG)     : 24
Register Duplication               : YES
Slice Packing                      : YES
Optimize Instantiated Primitives   : NO
Use Clock Enable                   : Yes
Use Synchronous Set                : Yes
Use Synchronous Reset              : Yes
Pack IO Registers into IOBs        : Auto
Equivalent register Removal        : YES

---- General Options
Optimization Goal                  : Speed
Optimization Effort                : 1
Keep Hierarchy                     : No
Netlist Hierarchy                  : As_Optimized
RTL Output                         : Yes
Global Optimization                : AllClockNets
Read Cores                         : YES
Write Timing Constraints           : NO
Cross Clock Analysis               : NO
Hierarchy Separator                : /
Bus Delimiter                      : <>
Case Specifier                     : Maintain
Slice Utilization Ratio            : 100
BRAM Utilization Ratio             : 100
Verilog 2001                       : YES
Auto BRAM Packing                  : NO
Slice Utilization Ratio Delta      : 5

=========================================================================


=========================================================================
*                          HDL Compilation                              *
=========================================================================
Compiling verilog file "clk_for_d0.v" in library work
Compiling verilog file "one_bit_cntr.v" in library work
Module <clk_for_d0> compiled
WARNING:HDLCompilers:298 - "one_bit_cntr.v" line 33 Too many digits specified in decimal constant
WARNING:HDLCompilers:298 - "one_bit_cntr.v" line 38 Too many digits specified in decimal constant
WARNING:HDLCompilers:298 - "one_bit_cntr.v" line 42 Too many digits specified in decimal constant
Module <one_bit_cntr> compiled
No errors in compilation
Analysis of file <"one_bit_cntr.prj"> succeeded.
 

=========================================================================
*                     Design Hierarchy Analysis                         *
=========================================================================
Analyzing hierarchy for module <one_bit_cntr> in library <work>.

Analyzing hierarchy for module <clk_for_d0> in library <work>.


=========================================================================
*                            HDL Analysis                               *
=========================================================================
Analyzing top module <one_bit_cntr>.
WARNING:Xst:2725 - "one_bit_cntr.v" line 45: Size mismatch between case item and case selector.
WARNING:Xst:2725 - "one_bit_cntr.v" line 46: Size mismatch between case item and case selector.
WARNING:Xst:2725 - "one_bit_cntr.v" line 47: Size mismatch between case item and case selector.
WARNING:Xst:2725 - "one_bit_cntr.v" line 48: Size mismatch between case item and case selector.
WARNING:Xst:2725 - "one_bit_cntr.v" line 49: Size mismatch between case item and case selector.
WARNING:Xst:2725 - "one_bit_cntr.v" line 50: Size mismatch between case item and case selector.
WARNING:Xst:2725 - "one_bit_cntr.v" line 51: Size mismatch between case item and case selector.
WARNING:Xst:2725 - "one_bit_cntr.v" line 52: Size mismatch between case item and case selector.
WARNING:Xst:2725 - "one_bit_cntr.v" line 53: Size mismatch between case item and case selector.
WARNING:Xst:2725 - "one_bit_cntr.v" line 54: Size mismatch between case item and case selector.
Module <one_bit_cntr> is correct for synthesis.
 
Analyzing module <clk_for_d0> in library <work>.
Module <clk_for_d0> is correct for synthesis.
 

=========================================================================
*                           HDL Synthesis                               *
=========================================================================

Performing bidirectional port resolution...

Synthesizing Unit <clk_for_d0>.
    Related source file is "clk_for_d0.v".
    Found 1-bit register for signal <o>.
    Found 25-bit up counter for signal <count>.
    Summary:
	inferred   1 Counter(s).
	inferred   1 D-type flip-flop(s).
Unit <clk_for_d0> synthesized.


Synthesizing Unit <one_bit_cntr>.
    Related source file is "one_bit_cntr.v".
    Found 7-bit register for signal <c>.
    Found 32-bit up counter for signal <count>.
    Summary:
	inferred   1 Counter(s).
	inferred   7 D-type flip-flop(s).
Unit <one_bit_cntr> synthesized.


=========================================================================
HDL Synthesis Report

Macro Statistics
# Counters                                             : 2
 25-bit up counter                                     : 1
 32-bit up counter                                     : 1
# Registers                                            : 2
 1-bit register                                        : 1
 7-bit register                                        : 1

=========================================================================

=========================================================================
*                       Advanced HDL Synthesis                          *
=========================================================================


=========================================================================
Advanced HDL Synthesis Report

Macro Statistics
# Counters                                             : 2
 25-bit up counter                                     : 1
 32-bit up counter                                     : 1
# Registers                                            : 8
 Flip-Flops                                            : 8

=========================================================================

=========================================================================
*                         Low Level Synthesis                           *
=========================================================================

Optimizing unit <one_bit_cntr> ...

Mapping all equations...
Building and optimizing final netlist ...
Found area constraint ratio of 100 (+ 5) on block one_bit_cntr, actual ratio is 1.

Final Macro Processing ...

=========================================================================
Final Register Report

Macro Statistics
# Registers                                            : 65
 Flip-Flops                                            : 65

=========================================================================

=========================================================================
*                           Partition Report                            *
=========================================================================

Partition Implementation Status
-------------------------------

  No Partitions were found in this design.

-------------------------------

=========================================================================
*                            Final Report                               *
=========================================================================
Final Results
RTL Top Level Output File Name     : one_bit_cntr.ngr
Top Level Output File Name         : one_bit_cntr
Output Format                      : NGC
Optimization Goal                  : Speed
Keep Hierarchy                     : No

Design Statistics
# IOs                              : 13

Cell Usage :
# BELS                             : 225
#      GND                         : 1
#      INV                         : 5
#      LUT1                        : 55
#      LUT2                        : 1
#      LUT2_L                      : 1
#      LUT3_D                      : 1
#      LUT3_L                      : 1
#      LUT4                        : 28
#      LUT4_L                      : 5
#      MUXCY                       : 69
#      VCC                         : 1
#      XORCY                       : 57
# FlipFlops/Latches                : 65
#      FDE                         : 8
#      FDR                         : 25
#      FDRE                        : 32
# Clock Buffers                    : 2
#      BUFG                        : 1
#      BUFGP                       : 1
# IO Buffers                       : 12
#      IBUF                        : 1
#      OBUF                        : 11
=========================================================================

Device utilization summary:
---------------------------

Selected Device : 3s500efg320-4 

 Number of Slices:                       49  out of   4656     1%  
 Number of Slice Flip Flops:             65  out of   9312     0%  
 Number of 4 input LUTs:                 97  out of   9312     1%  
 Number of IOs:                          13
 Number of bonded IOBs:                  13  out of    232     5%  
 Number of GCLKs:                         2  out of     24     8%  

---------------------------
Partition Resource Summary:
---------------------------

  No Partitions were found in this design.

---------------------------


=========================================================================
TIMING REPORT

NOTE: THESE TIMING NUMBERS ARE ONLY A SYNTHESIS ESTIMATE.
      FOR ACCURATE TIMING INFORMATION PLEASE REFER TO THE TRACE REPORT
      GENERATED AFTER PLACE-and-ROUTE.

Clock Information:
------------------
-----------------------------------+------------------------+-------+
Clock Signal                       | Clock buffer(FF name)  | Load  |
-----------------------------------+------------------------+-------+
c1/o1                              | BUFG                   | 39    |
clk                                | BUFGP                  | 26    |
-----------------------------------+------------------------+-------+

Asynchronous Control Signals Information:
----------------------------------------
No asynchronous control signals found in this design

Timing Summary:
---------------
Speed Grade: -4

   Minimum period: 6.898ns (Maximum Frequency: 144.965MHz)
   Minimum input arrival time before clock: 5.556ns
   Maximum output required time after clock: 4.394ns
   Maximum combinational path delay: No path found

Timing Detail:
--------------
All values displayed in nanoseconds (ns)

=========================================================================
Timing constraint: Default period analysis for Clock 'c1/o1'
  Clock period: 6.898ns (frequency: 144.965MHz)
  Total number of paths / destination ports: 1867 / 71
-------------------------------------------------------------------------
Delay:               6.898ns (Levels of Logic = 9)
  Source:            count_22 (FF)
  Destination:       count_0 (FF)
  Source Clock:      c1/o1 rising
  Destination Clock: c1/o1 rising

  Data Path: count_22 to count_0
                                Gate     Net
    Cell:in->out      fanout   Delay   Delay  Logical Name (Net Name)
    ----------------------------------------  ------------
     FDRE:C->Q             2   0.591   0.622  count_22 (count_22)
     LUT4:I0->O            1   0.704   0.000  count_and00001_wg_lut<0> (count_and00001_wg_lut<0>)
     MUXCY:S->O            1   0.464   0.000  count_and00001_wg_cy<0> (count_and00001_wg_cy<0>)
     MUXCY:CI->O           1   0.059   0.000  count_and00001_wg_cy<1> (count_and00001_wg_cy<1>)
     MUXCY:CI->O           1   0.059   0.000  count_and00001_wg_cy<2> (count_and00001_wg_cy<2>)
     MUXCY:CI->O           1   0.059   0.000  count_and00001_wg_cy<3> (count_and00001_wg_cy<3>)
     MUXCY:CI->O           1   0.059   0.000  count_and00001_wg_cy<4> (count_and00001_wg_cy<4>)
     MUXCY:CI->O           1   0.059   0.000  count_and00001_wg_cy<5> (count_and00001_wg_cy<5>)
     MUXCY:CI->O          10   0.459   0.886  count_and00001_wg_cy<6> (c_and0000)
     LUT4:I3->O           32   0.704   1.262  count_and0000 (count_and0000)
     FDRE:R                    0.911          count_0
    ----------------------------------------
    Total                      6.898ns (4.128ns logic, 2.770ns route)
                                       (59.8% logic, 40.2% route)

=========================================================================
Timing constraint: Default period analysis for Clock 'clk'
  Clock period: 5.119ns (frequency: 195.339MHz)
  Total number of paths / destination ports: 976 / 52
-------------------------------------------------------------------------
Delay:               5.119ns (Levels of Logic = 7)
  Source:            c1/count_9 (FF)
  Destination:       c1/count_0 (FF)
  Source Clock:      clk rising
  Destination Clock: clk rising

  Data Path: c1/count_9 to c1/count_0
                                Gate     Net
    Cell:in->out      fanout   Delay   Delay  Logical Name (Net Name)
    ----------------------------------------  ------------
     FDR:C->Q              2   0.591   0.622  c1/count_9 (c1/count_9)
     LUT4:I0->O            1   0.704   0.000  c1/o_cmp_eq0000_wg_lut<1> (c1/o_cmp_eq0000_wg_lut<1>)
     MUXCY:S->O            1   0.464   0.000  c1/o_cmp_eq0000_wg_cy<1> (c1/o_cmp_eq0000_wg_cy<1>)
     MUXCY:CI->O           1   0.059   0.000  c1/o_cmp_eq0000_wg_cy<2> (c1/o_cmp_eq0000_wg_cy<2>)
     MUXCY:CI->O           1   0.059   0.000  c1/o_cmp_eq0000_wg_cy<3> (c1/o_cmp_eq0000_wg_cy<3>)
     MUXCY:CI->O           1   0.059   0.000  c1/o_cmp_eq0000_wg_cy<4> (c1/o_cmp_eq0000_wg_cy<4>)
     MUXCY:CI->O           1   0.059   0.000  c1/o_cmp_eq0000_wg_cy<5> (c1/o_cmp_eq0000_wg_cy<5>)
     MUXCY:CI->O          26   0.331   1.260  c1/o_cmp_eq0000_wg_cy<6> (c1/o_cmp_eq0000)
     FDR:R                     0.911          c1/count_0
    ----------------------------------------
    Total                      5.119ns (3.237ns logic, 1.882ns route)
                                       (63.2% logic, 36.8% route)

=========================================================================
Timing constraint: Default OFFSET IN BEFORE for Clock 'c1/o1'
  Total number of paths / destination ports: 71 / 71
-------------------------------------------------------------------------
Offset:              5.556ns (Levels of Logic = 3)
  Source:            clr (PAD)
  Destination:       count_0 (FF)
  Destination Clock: c1/o1 rising

  Data Path: clr to count_0
                                Gate     Net
    Cell:in->out      fanout   Delay   Delay  Logical Name (Net Name)
    ----------------------------------------  ------------
     IBUF:I->O             2   1.218   0.622  clr_IBUF (clr_IBUF)
     LUT3_L:I0->LO         1   0.704   0.135  count_and0000_SW0 (N01)
     LUT4:I2->O           32   0.704   1.262  count_and0000 (count_and0000)
     FDRE:R                    0.911          count_0
    ----------------------------------------
    Total                      5.556ns (3.537ns logic, 2.019ns route)
                                       (63.7% logic, 36.3% route)

=========================================================================
Timing constraint: Default OFFSET OUT AFTER for Clock 'c1/o1'
  Total number of paths / destination ports: 7 / 7
-------------------------------------------------------------------------
Offset:              4.394ns (Levels of Logic = 1)
  Source:            c_1 (FF)
  Destination:       c<1> (PAD)
  Source Clock:      c1/o1 rising

  Data Path: c_1 to c<1>
                                Gate     Net
    Cell:in->out      fanout   Delay   Delay  Logical Name (Net Name)
    ----------------------------------------  ------------
     FDE:C->Q              3   0.591   0.531  c_1 (c_1)
     OBUF:I->O                 3.272          c_1_OBUF (c<1>)
    ----------------------------------------
    Total                      4.394ns (3.863ns logic, 0.531ns route)
                                       (87.9% logic, 12.1% route)

=========================================================================


Total REAL time to Xst completion: 7.00 secs
Total CPU time to Xst completion: 6.47 secs
 
--> 

Total memory usage is 4545712 kilobytes

Number of errors   :    0 (   0 filtered)
Number of warnings :   13 (   0 filtered)
Number of infos    :    0 (   0 filtered)

