Command line:
   clk_for_d0_isim_beh.exe
     -simmode  gui
     -simrunnum  0
     -socket  52948

Wed Jul 04 16:24:31 2018


 Elaboration Time: 0.0625 sec

 Current Memory Usage: 5323.67 Meg

 Total Signals          : 14
 Total Nets             : 19
 Total Signal Drivers   : 7
 Total Blocks           : 2
 Total Primitive Blocks : 2
 Total Processes        : 9
 Total Traceable Variables  : 21
 Total Scalar Nets and Variables : 129
Total Line Count : 28

 Total Simulation Time: 0.0625 sec

 Current Memory Usage: 5323.67 Meg

Wed Jul 04 16:24:41 2018

